0 info it worked if it ends with ok
1 verbose cli [ 'E:\\node\\node.exe',
1 verbose cli   'd:\\Users\\jqxiong\\AppData\\Roaming\\npm\\node_modules\\npm\\bin\\npm-cli.js',
1 verbose cli   'run',
1 verbose cli   'dev' ]
2 info using npm@3.10.6
3 info using node@v8.11.3
4 verbose run-script [ 'predev', 'dev', 'postdev' ]
5 info lifecycle re_next@1.0.0~predev: re_next@1.0.0
6 silly lifecycle re_next@1.0.0~predev: no script for predev, continuing
7 info lifecycle re_next@1.0.0~dev: re_next@1.0.0
8 verbose lifecycle re_next@1.0.0~dev: unsafe-perm in lifecycle true
9 verbose lifecycle re_next@1.0.0~dev: PATH: d:\Users\jqxiong\AppData\Roaming\npm\node_modules\npm\bin\node-gyp-bin;E:\works\re_next\node_modules\.bin;D:\Users\jqxiong\bin;E:\Git\mingw64\bin;E:\Git\usr\local\bin;E:\Git\usr\bin;E:\Git\usr\bin;E:\Git\mingw64\bin;E:\Git\usr\bin;D:\Users\jqxiong\bin;C:\ProgramData\Oracle\Java\javapath;C:\Program Files (x86)\Intel\iCLS Client;C:\Program Files\Intel\iCLS Client;C:\Windows\system32;C:\Windows;C:\Windows\System32\Wbem;C:\Windows\System32\WindowsPowerShell\v1.0;C:\Program Files (x86)\Microsoft SQL Server\100\Tools\Binn\VSShell\Common7\IDE;C:\Program Files (x86)\Microsoft SQL Server\100\Tools\Binn;C:\Program Files (x86)\Microsoft Visual Studio 9.0\Common7\IDE\PrivateAssemblies;C:\Program Files (x86)\Microsoft SQL Server\100\DTS\Binn;C:\Program Files\Microsoft SQL Server\100\Tools\Binn;C:\Program Files\Microsoft SQL Server\100\DTS\Binn;C:\Program Files (x86)\Intel\OpenCL SDK\2.0\bin\x86;C:\Program Files (x86)\Intel\OpenCL SDK\2.0\bin\x64;C:\Program Files\Intel\Intel(R) Management Engine Components\DAL;C:\Program Files\Intel\Intel(R) Management Engine Components\IPT;C:\Program Files (x86)\Intel\Intel(R) Management Engine Components\DAL;C:\Program Files (x86)\Intel\Intel(R) Management Engine Components\IPT;C:\Program Files (x86)\Windows Kits\8.1\Windows Performance Toolkit;C:\Program Files\Microsoft SQL Server\110\Tools\Binn;C:\Program Files (x86)\Microsoft ASP.NET\ASP.NET Web Pages\v1.0;C:\Program Files\TortoiseGit\bin;E:\node;E:\0.18\bin;E:\phantomjs-2.1.1-windows\bin;E:\MinGW\bin;E:\Heroku\bin;D:\Users\jqxiong\AppData\Local\Android\sdk\platform-tools;E:\nginx-1.12.1;D:\Users\jqxiong\AppData\Local\Programs\Fiddler;E:\Git\cmd;C:\Program Files (x86)\Microsoft VS Code\bin;D:\Users\jqxiong\AppData\Local\Programs\Python\Python36-32;D:\Users\jqxiong\AppData\Roaming\npm;E:\Git\usr\bin\vendor_perl;E:\Git\usr\bin\core_perl
10 verbose lifecycle re_next@1.0.0~dev: CWD: E:\works\re_next
11 silly lifecycle re_next@1.0.0~dev: Args: [ '/d /s /c', 'next' ]
12 silly lifecycle re_next@1.0.0~dev: Returned: code: 1  signal: null
13 info lifecycle re_next@1.0.0~dev: Failed to exec dev script
14 verbose stack Error: re_next@1.0.0 dev: `next`
14 verbose stack Exit status 1
14 verbose stack     at EventEmitter.<anonymous> (d:\Users\jqxiong\AppData\Roaming\npm\node_modules\npm\lib\utils\lifecycle.js:255:16)
14 verbose stack     at emitTwo (events.js:126:13)
14 verbose stack     at EventEmitter.emit (events.js:214:7)
14 verbose stack     at ChildProcess.<anonymous> (d:\Users\jqxiong\AppData\Roaming\npm\node_modules\npm\lib\utils\spawn.js:40:14)
14 verbose stack     at emitTwo (events.js:126:13)
14 verbose stack     at ChildProcess.emit (events.js:214:7)
14 verbose stack     at maybeClose (internal/child_process.js:925:16)
14 verbose stack     at Process.ChildProcess._handle.onexit (internal/child_process.js:209:5)
15 verbose pkgid re_next@1.0.0
16 verbose cwd E:\works\re_next
17 error Windows_NT 6.1.7601
18 error argv "E:\\node\\node.exe" "d:\\Users\\jqxiong\\AppData\\Roaming\\npm\\node_modules\\npm\\bin\\npm-cli.js" "run" "dev"
19 error node v8.11.3
20 error npm  v3.10.6
21 error code ELIFECYCLE
22 error re_next@1.0.0 dev: `next`
22 error Exit status 1
23 error Failed at the re_next@1.0.0 dev script 'next'.
23 error Make sure you have the latest version of node.js and npm installed.
23 error If you do, this is most likely a problem with the re_next package,
23 error not with npm itself.
23 error Tell the author that this fails on your system:
23 error     next
23 error You can get information on how to open an issue for this project with:
23 error     npm bugs re_next
23 error Or if that isn't available, you can get their info via:
23 error     npm owner ls re_next
23 error There is likely additional logging output above.
24 verbose exit [ 1, true ]
